d:\projects\glyphborn game\glyphborn\x64\release\vc143.pdb
d:\projects\glyphborn game\glyphborn\x64\release\test_cube.obj
d:\projects\glyphborn game\glyphborn\x64\release\render_windows.obj
d:\projects\glyphborn game\glyphborn\x64\release\render_linux.obj
d:\projects\glyphborn game\glyphborn\x64\release\platform_windows.obj
d:\projects\glyphborn game\glyphborn\x64\release\platform_linux.obj
d:\projects\glyphborn game\glyphborn\x64\release\vec4.obj
d:\projects\glyphborn game\glyphborn\x64\release\vec3.obj
d:\projects\glyphborn game\glyphborn\x64\release\vec2.obj
d:\projects\glyphborn game\glyphborn\x64\release\quat.obj
d:\projects\glyphborn game\glyphborn\x64\release\mat4.obj
d:\projects\glyphborn game\glyphborn\x64\release\main.obj
d:\projects\glyphborn game\glyphborn\x64\release\input_windows.obj
d:\projects\glyphborn game\glyphborn\x64\release\input_linux.obj
d:\projects\glyphborn game\glyphborn\x64\release\game.obj
d:\projects\glyphborn game\glyphborn\x64\release\camera.obj
d:\projects\glyphborn game\x64\release\glyphborn.exe
d:\projects\glyphborn game\x64\release\glyphborn.pdb
d:\projects\glyphborn game\glyphborn\x64\release\glyphborn.ipdb
d:\projects\glyphborn game\glyphborn\x64\release\glyphborn.iobj
d:\projects\glyphborn game\glyphborn\x64\release\glyphborn.tlog\cl.command.1.tlog
d:\projects\glyphborn game\glyphborn\x64\release\glyphborn.tlog\cl.items.tlog
d:\projects\glyphborn game\glyphborn\x64\release\glyphborn.tlog\cl.read.1.tlog
d:\projects\glyphborn game\glyphborn\x64\release\glyphborn.tlog\cl.write.1.tlog
d:\projects\glyphborn game\glyphborn\x64\release\glyphborn.tlog\link.command.1.tlog
d:\projects\glyphborn game\glyphborn\x64\release\glyphborn.tlog\link.read.1.tlog
d:\projects\glyphborn game\glyphborn\x64\release\glyphborn.tlog\link.secondary.1.tlog
d:\projects\glyphborn game\glyphborn\x64\release\glyphborn.tlog\link.write.1.tlog
