  camera.c
D:\Projects\Glyphborn Game\Glyphborn\source\camera.c(3,43): warning C4028: formal parameter 1 different from declaration
  game.c
  input_linux.c
  input_windows.c
  main.c
  mat4.c
  quat.c
  vec2.c
  vec3.c
  vec4.c
  platform_linux.c
  platform_windows.c
  render_linux.c
  render_windows.c
  test_cube.c
  Generating code
  Previous IPDB not found, fall back to full compilation.
  All 38 functions were compiled because no usable IPDB/IOBJ from previous compilation was found.
  Finished generating code
  Glyphborn.vcxproj -> D:\Projects\Glyphborn Game\x64\Release\Glyphborn.exe
